# JRE version: OpenJDK Runtime Environment Temurin-21.0.6+7 (21.0.6+7) (build 21.0.6+7-LTS)
# Java VM: OpenJDK 64-Bit Server VM Temurin-21.0.6+7 (21.0.6+7-LTS, mixed mode, sharing, tiered, compressed oops, compressed class ptrs, parallel gc, windows-amd64)
GC Precious Log:
 CardTable entry size: 512
 CPUs: 8 total, 8 available
 Memory: 8107M
 Large Page Support: Disabled
 NUMA Support: Disabled
 Compressed Oops: Enabled (32-bit)
 Alignments: Space 512K, Generation 512K, Heap 2M
 Heap Min Capacity: 100M
 Heap Initial Capacity: 100M
 Heap Max Capacity: 1G
 Pre-touch: Disabled
 Parallel Workers: 8
Heap:
 PSYoungGen      total 23552K, used 6419K [0x00000000eab00000, 0x00000000ec480000, 0x0000000100000000)
  eden space 22016K, 22% used [0x00000000eab00000,0x00000000eafc6690,0x00000000ec080000)
  from space 1536K, 99% used [0x00000000ec300000,0x00000000ec47e580,0x00000000ec480000)
  to   space 2048K, 0% used [0x00000000ec080000,0x00000000ec080000,0x00000000ec280000)
 ParOldGen       total 68608K, used 23504K [0x00000000c0000000, 0x00000000c4300000, 0x00000000eab00000)
  object space 68608K, 34% used [0x00000000c0000000,0x00000000c16f4210,0x00000000c4300000)
 Metaspace       used 45078K, committed 46144K, reserved 1114112K
  class space    used 4739K, committed 5184K, reserved 1048576K
GC Heap History (20 events):
Event: 9.089 GC heap before
{Heap before GC invocations=11 (full 1):
 PSYoungGen      total 25600K, used 25024K [0x00000000eab00000, 0x00000000ec880000, 0x0000000100000000)
  eden space 23552K, 100% used [0x00000000eab00000,0x00000000ec200000,0x00000000ec200000)
  from space 2048K, 71% used [0x00000000ec480000,0x00000000ec5f0348,0x00000000ec680000)
  to   space 2048K, 0% used [0x00000000ec680000,0x00000000ec680000,0x00000000ec880000)
 ParOldGen       total 68608K, used 14369K [0x00000000c0000000, 0x00000000c4300000, 0x00000000eab00000)
  object space 68608K, 20% used [0x00000000c0000000,0x00000000c0e08770,0x00000000c4300000)
 Metaspace       used 28265K, committed 29184K, reserved 1114112K
  class space    used 2687K, committed 3072K, reserved 1048576K
}
Event: 9.091 GC heap after
{Heap after GC invocations=11 (full 1):
 PSYoungGen      total 25088K, used 1787K [0x00000000eab00000, 0x00000000ec880000, 0x0000000100000000)
  eden space 23040K, 0% used [0x00000000eab00000,0x00000000eab00000,0x00000000ec180000)
  from space 2048K, 87% used [0x00000000ec680000,0x00000000ec83eda0,0x00000000ec880000)
  to   space 2048K, 0% used [0x00000000ec480000,0x00000000ec480000,0x00000000ec680000)
 ParOldGen       total 68608K, used 14610K [0x00000000c0000000, 0x00000000c4300000, 0x00000000eab00000)
  object space 68608K, 21% used [0x00000000c0000000,0x00000000c0e44968,0x00000000c4300000)
 Metaspace       used 28265K, committed 29184K, reserved 1114112K
  class space    used 2687K, committed 3072K, reserved 1048576K
}
Event: 9.387 GC heap before
{Heap before GC invocations=12 (full 1):
 PSYoungGen      total 25088K, used 24827K [0x00000000eab00000, 0x00000000ec880000, 0x0000000100000000)
  eden space 23040K, 100% used [0x00000000eab00000,0x00000000ec180000,0x00000000ec180000)
  from space 2048K, 87% used [0x00000000ec680000,0x00000000ec83eda0,0x00000000ec880000)
  to   space 2048K, 0% used [0x00000000ec480000,0x00000000ec480000,0x00000000ec680000)
 ParOldGen       total 68608K, used 14610K [0x00000000c0000000, 0x00000000c4300000, 0x00000000eab00000)
  object space 68608K, 21% used [0x00000000c0000000,0x00000000c0e44968,0x00000000c4300000)
 Metaspace       used 31469K, committed 32384K, reserved 1114112K
  class space    used 3068K, committed 3456K, reserved 1048576K
}
Event: 9.391 GC heap after
{Heap after GC invocations=12 (full 1):
 PSYoungGen      total 24064K, used 1449K [0x00000000eab00000, 0x00000000ec700000, 0x0000000100000000)
  eden space 22528K, 0% used [0x00000000eab00000,0x00000000eab00000,0x00000000ec100000)
  from space 1536K, 94% used [0x00000000ec480000,0x00000000ec5ea490,0x00000000ec600000)
  to   space 1024K, 0% used [0x00000000ec600000,0x00000000ec600000,0x00000000ec700000)
 ParOldGen       total 68608K, used 16221K [0x00000000c0000000, 0x00000000c4300000, 0x00000000eab00000)
  object space 68608K, 23% used [0x00000000c0000000,0x00000000c0fd7698,0x00000000c4300000)
 Metaspace       used 31469K, committed 32384K, reserved 1114112K
  class space    used 3068K, committed 3456K, reserved 1048576K
}
Event: 9.654 GC heap before
{Heap before GC invocations=13 (full 1):
 PSYoungGen      total 24064K, used 23977K [0x00000000eab00000, 0x00000000ec700000, 0x0000000100000000)
  eden space 22528K, 100% used [0x00000000eab00000,0x00000000ec100000,0x00000000ec100000)
  from space 1536K, 94% used [0x00000000ec480000,0x00000000ec5ea490,0x00000000ec600000)
  to   space 1024K, 0% used [0x00000000ec600000,0x00000000ec600000,0x00000000ec700000)
 ParOldGen       total 68608K, used 16222K [0x00000000c0000000, 0x00000000c4300000, 0x00000000eab00000)
  object space 68608K, 23% used [0x00000000c0000000,0x00000000c0fd7a00,0x00000000c4300000)
 Metaspace       used 33327K, committed 34368K, reserved 1114112K
  class space    used 3297K, committed 3712K, reserved 1048576K
}
Event: 9.657 GC heap after
{Heap after GC invocations=13 (full 1):
 PSYoungGen      total 23552K, used 1022K [0x00000000eab00000, 0x00000000ec700000, 0x0000000100000000)
  eden space 22528K, 0% used [0x00000000eab00000,0x00000000eab00000,0x00000000ec100000)
  from space 1024K, 99% used [0x00000000ec600000,0x00000000ec6ff960,0x00000000ec700000)
  to   space 3072K, 0% used [0x00000000ec100000,0x00000000ec100000,0x00000000ec400000)
 ParOldGen       total 68608K, used 17838K [0x00000000c0000000, 0x00000000c4300000, 0x00000000eab00000)
  object space 68608K, 26% used [0x00000000c0000000,0x00000000c116b870,0x00000000c4300000)
 Metaspace       used 33327K, committed 34368K, reserved 1114112K
  class space    used 3297K, committed 3712K, reserved 1048576K
}
Event: 9.753 GC heap before
{Heap before GC invocations=14 (full 1):
 PSYoungGen      total 23552K, used 16442K [0x00000000eab00000, 0x00000000ec700000, 0x0000000100000000)
  eden space 22528K, 68% used [0x00000000eab00000,0x00000000eba0f250,0x00000000ec100000)
  from space 1024K, 99% used [0x00000000ec600000,0x00000000ec6ff960,0x00000000ec700000)
  to   space 3072K, 0% used [0x00000000ec100000,0x00000000ec100000,0x00000000ec400000)
 ParOldGen       total 68608K, used 17838K [0x00000000c0000000, 0x00000000c4300000, 0x00000000eab00000)
  object space 68608K, 26% used [0x00000000c0000000,0x00000000c116b870,0x00000000c4300000)
 Metaspace       used 34858K, committed 35840K, reserved 1114112K
  class space    used 3476K, committed 3904K, reserved 1048576K
}
Event: 9.755 GC heap after
{Heap after GC invocations=14 (full 1):
 PSYoungGen      total 25600K, used 741K [0x00000000eab00000, 0x00000000ec680000, 0x0000000100000000)
  eden space 22528K, 0% used [0x00000000eab00000,0x00000000eab00000,0x00000000ec100000)
  from space 3072K, 24% used [0x00000000ec100000,0x00000000ec1b9428,0x00000000ec400000)
  to   space 1536K, 0% used [0x00000000ec500000,0x00000000ec500000,0x00000000ec680000)
 ParOldGen       total 68608K, used 18792K [0x00000000c0000000, 0x00000000c4300000, 0x00000000eab00000)
  object space 68608K, 27% used [0x00000000c0000000,0x00000000c125a238,0x00000000c4300000)
 Metaspace       used 34858K, committed 35840K, reserved 1114112K
  class space    used 3476K, committed 3904K, reserved 1048576K
}
Event: 9.755 GC heap before
{Heap before GC invocations=15 (full 2):
 PSYoungGen      total 25600K, used 741K [0x00000000eab00000, 0x00000000ec680000, 0x0000000100000000)
  eden space 22528K, 0% used [0x00000000eab00000,0x00000000eab00000,0x00000000ec100000)
  from space 3072K, 24% used [0x00000000ec100000,0x00000000ec1b9428,0x00000000ec400000)
  to   space 1536K, 0% used [0x00000000ec500000,0x00000000ec500000,0x00000000ec680000)
 ParOldGen       total 68608K, used 18792K [0x00000000c0000000, 0x00000000c4300000, 0x00000000eab00000)
  object space 68608K, 27% used [0x00000000c0000000,0x00000000c125a238,0x00000000c4300000)
 Metaspace       used 34858K, committed 35840K, reserved 1114112K
  class space    used 3476K, committed 3904K, reserved 1048576K
}
Event: 9.820 GC heap after
{Heap after GC invocations=15 (full 2):
 PSYoungGen      total 25600K, used 0K [0x00000000eab00000, 0x00000000ec680000, 0x0000000100000000)
  eden space 22528K, 0% used [0x00000000eab00000,0x00000000eab00000,0x00000000ec100000)
  from space 3072K, 0% used [0x00000000ec100000,0x00000000ec100000,0x00000000ec400000)
  to   space 1536K, 0% used [0x00000000ec500000,0x00000000ec500000,0x00000000ec680000)
 ParOldGen       total 68608K, used 18810K [0x00000000c0000000, 0x00000000c4300000, 0x00000000eab00000)
  object space 68608K, 27% used [0x00000000c0000000,0x00000000c125e990,0x00000000c4300000)
 Metaspace       used 34855K, committed 35840K, reserved 1114112K
  class space    used 3475K, committed 3904K, reserved 1048576K
}
Event: 10.072 GC heap before
{Heap before GC invocations=16 (full 2):
 PSYoungGen      total 25600K, used 22528K [0x00000000eab00000, 0x00000000ec680000, 0x0000000100000000)
  eden space 22528K, 100% used [0x00000000eab00000,0x00000000ec100000,0x00000000ec100000)
  from space 3072K, 0% used [0x00000000ec100000,0x00000000ec100000,0x00000000ec400000)
  to   space 1536K, 0% used [0x00000000ec500000,0x00000000ec500000,0x00000000ec680000)
 ParOldGen       total 68608K, used 18822K [0x00000000c0000000, 0x00000000c4300000, 0x00000000eab00000)
  object space 68608K, 27% used [0x00000000c0000000,0x00000000c1261820,0x00000000c4300000)
 Metaspace       used 36972K, committed 38016K, reserved 1114112K
  class space    used 3767K, committed 4224K, reserved 1048576K
}
Event: 10.074 GC heap after
{Heap after GC invocations=16 (full 2):
 PSYoungGen      total 23552K, used 1504K [0x00000000eab00000, 0x00000000ec680000, 0x0000000100000000)
  eden space 22016K, 0% used [0x00000000eab00000,0x00000000eab00000,0x00000000ec080000)
  from space 1536K, 97% used [0x00000000ec500000,0x00000000ec678000,0x00000000ec680000)
  to   space 2048K, 0% used [0x00000000ec280000,0x00000000ec280000,0x00000000ec480000)
 ParOldGen       total 68608K, used 18830K [0x00000000c0000000, 0x00000000c4300000, 0x00000000eab00000)
  object space 68608K, 27% used [0x00000000c0000000,0x00000000c1263820,0x00000000c4300000)
 Metaspace       used 36972K, committed 38016K, reserved 1114112K
  class space    used 3767K, committed 4224K, reserved 1048576K
}
Event: 10.345 GC heap before
{Heap before GC invocations=17 (full 2):
 PSYoungGen      total 23552K, used 23520K [0x00000000eab00000, 0x00000000ec680000, 0x0000000100000000)
  eden space 22016K, 100% used [0x00000000eab00000,0x00000000ec080000,0x00000000ec080000)
  from space 1536K, 97% used [0x00000000ec500000,0x00000000ec678000,0x00000000ec680000)
  to   space 2048K, 0% used [0x00000000ec280000,0x00000000ec280000,0x00000000ec480000)
 ParOldGen       total 68608K, used 18830K [0x00000000c0000000, 0x00000000c4300000, 0x00000000eab00000)
  object space 68608K, 27% used [0x00000000c0000000,0x00000000c1263820,0x00000000c4300000)
 Metaspace       used 39110K, committed 40128K, reserved 1114112K
  class space    used 4031K, committed 4480K, reserved 1048576K
}
Event: 10.348 GC heap after
{Heap after GC invocations=17 (full 2):
 PSYoungGen      total 24064K, used 1554K [0x00000000eab00000, 0x00000000ec580000, 0x0000000100000000)
  eden space 22016K, 0% used [0x00000000eab00000,0x00000000eab00000,0x00000000ec080000)
  from space 2048K, 75% used [0x00000000ec280000,0x00000000ec404970,0x00000000ec480000)
  to   space 1024K, 0% used [0x00000000ec480000,0x00000000ec480000,0x00000000ec580000)
 ParOldGen       total 68608K, used 20166K [0x00000000c0000000, 0x00000000c4300000, 0x00000000eab00000)
  object space 68608K, 29% used [0x00000000c0000000,0x00000000c13b1860,0x00000000c4300000)
 Metaspace       used 39110K, committed 40128K, reserved 1114112K
  class space    used 4031K, committed 4480K, reserved 1048576K
}
Event: 10.631 GC heap before
{Heap before GC invocations=18 (full 2):
 PSYoungGen      total 24064K, used 23570K [0x00000000eab00000, 0x00000000ec580000, 0x0000000100000000)
  eden space 22016K, 100% used [0x00000000eab00000,0x00000000ec080000,0x00000000ec080000)
  from space 2048K, 75% used [0x00000000ec280000,0x00000000ec404970,0x00000000ec480000)
  to   space 1024K, 0% used [0x00000000ec480000,0x00000000ec480000,0x00000000ec580000)
 ParOldGen       total 68608K, used 20166K [0x00000000c0000000, 0x00000000c4300000, 0x00000000eab00000)
  object space 68608K, 29% used [0x00000000c0000000,0x00000000c13b1860,0x00000000c4300000)
 Metaspace       used 40526K, committed 41600K, reserved 1114112K
  class space    used 4176K, committed 4608K, reserved 1048576K
}
Event: 10.635 GC heap after
{Heap after GC invocations=18 (full 2):
 PSYoungGen      total 23040K, used 1024K [0x00000000eab00000, 0x00000000ec580000, 0x0000000100000000)
  eden space 22016K, 0% used [0x00000000eab00000,0x00000000eab00000,0x00000000ec080000)
  from space 1024K, 100% used [0x00000000ec480000,0x00000000ec580000,0x00000000ec580000)
  to   space 2560K, 0% used [0x00000000ec080000,0x00000000ec080000,0x00000000ec300000)
 ParOldGen       total 68608K, used 21424K [0x00000000c0000000, 0x00000000c4300000, 0x00000000eab00000)
  object space 68608K, 31% used [0x00000000c0000000,0x00000000c14ec1f0,0x00000000c4300000)
 Metaspace       used 40526K, committed 41600K, reserved 1114112K
  class space    used 4176K, committed 4608K, reserved 1048576K
}
Event: 11.121 GC heap before
{Heap before GC invocations=19 (full 2):
 PSYoungGen      total 23040K, used 23040K [0x00000000eab00000, 0x00000000ec580000, 0x0000000100000000)
  eden space 22016K, 100% used [0x00000000eab00000,0x00000000ec080000,0x00000000ec080000)
  from space 1024K, 100% used [0x00000000ec480000,0x00000000ec580000,0x00000000ec580000)
  to   space 2560K, 0% used [0x00000000ec080000,0x00000000ec080000,0x00000000ec300000)
 ParOldGen       total 68608K, used 21424K [0x00000000c0000000, 0x00000000c4300000, 0x00000000eab00000)
  object space 68608K, 31% used [0x00000000c0000000,0x00000000c14ec1f0,0x00000000c4300000)
 Metaspace       used 42619K, committed 43712K, reserved 1114112K
  class space    used 4442K, committed 4928K, reserved 1048576K
}
Event: 11.124 GC heap after
{Heap after GC invocations=19 (full 2):
 PSYoungGen      total 24576K, used 1312K [0x00000000eab00000, 0x00000000ec500000, 0x0000000100000000)
  eden space 22016K, 0% used [0x00000000eab00000,0x00000000eab00000,0x00000000ec080000)
  from space 2560K, 51% used [0x00000000ec080000,0x00000000ec1c8000,0x00000000ec300000)
  to   space 2048K, 0% used [0x00000000ec300000,0x00000000ec300000,0x00000000ec500000)
 ParOldGen       total 68608K, used 22384K [0x00000000c0000000, 0x00000000c4300000, 0x00000000eab00000)
  object space 68608K, 32% used [0x00000000c0000000,0x00000000c15dc1f0,0x00000000c4300000)
 Metaspace       used 42619K, committed 43712K, reserved 1114112K
  class space    used 4442K, committed 4928K, reserved 1048576K
}
Event: 12.196 GC heap before
{Heap before GC invocations=20 (full 2):
 PSYoungGen      total 24576K, used 23328K [0x00000000eab00000, 0x00000000ec500000, 0x0000000100000000)
  eden space 22016K, 100% used [0x00000000eab00000,0x00000000ec080000,0x00000000ec080000)
  from space 2560K, 51% used [0x00000000ec080000,0x00000000ec1c8000,0x00000000ec300000)
  to   space 2048K, 0% used [0x00000000ec300000,0x00000000ec300000,0x00000000ec500000)
 ParOldGen       total 68608K, used 22384K [0x00000000c0000000, 0x00000000c4300000, 0x00000000eab00000)
  object space 68608K, 32% used [0x00000000c0000000,0x00000000c15dc1f0,0x00000000c4300000)
 Metaspace       used 44763K, committed 45824K, reserved 1114112K
  class space    used 4709K, committed 5184K, reserved 1048576K
}
Event: 12.202 GC heap after
{Heap after GC invocations=20 (full 2):
 PSYoungGen      total 23552K, used 1529K [0x00000000eab00000, 0x00000000ec480000, 0x0000000100000000)
  eden space 22016K, 0% used [0x00000000eab00000,0x00000000eab00000,0x00000000ec080000)
  from space 1536K, 99% used [0x00000000ec300000,0x00000000ec47e580,0x00000000ec480000)
  to   space 2048K, 0% used [0x00000000ec080000,0x00000000ec080000,0x00000000ec280000)
 ParOldGen       total 68608K, used 23504K [0x00000000c0000000, 0x00000000c4300000, 0x00000000eab00000)
  object space 68608K, 34% used [0x00000000c0000000,0x00000000c16f4210,0x00000000c4300000)
 Metaspace       used 44763K, committed 45824K, reserved 1114112K
  class space    used 4709K, committed 5184K, reserved 1048576K
}

