# JRE version: OpenJDK Runtime Environment Temurin-21.0.6+7 (21.0.6+7) (build 21.0.6+7-LTS)
# Java VM: OpenJDK 64-Bit Server VM Temurin-21.0.6+7 (21.0.6+7-LTS, mixed mode, sharing, tiered, compressed oops, compressed class ptrs, parallel gc, windows-amd64)
GC Precious Log:
 CardTable entry size: 512
 CPUs: 8 total, 8 available
 Memory: 8107M
 Large Page Support: Disabled
 NUMA Support: Disabled
 Compressed Oops: Enabled (32-bit)
 Alignments: Space 512K, Generation 512K, Heap 2M
 Heap Min Capacity: 100M
 Heap Initial Capacity: 100M
 Heap Max Capacity: 1G
 Pre-touch: Disabled
 Parallel Workers: 8
Heap:
 PSYoungGen      total 5120K, used 2137K [0x00000000eab00000, 0x00000000eb100000, 0x0000000100000000)
  eden space 4096K, 36% used [0x00000000eab00000,0x00000000eac765f8,0x00000000eaf00000)
  from space 1024K, 62% used [0x00000000eaf00000,0x00000000eafa0000,0x00000000eb000000)
  to   space 1024K, 0% used [0x00000000eb000000,0x00000000eb000000,0x00000000eb100000)
 ParOldGen       total 138240K, used 137011K [0x00000000c0000000, 0x00000000c8700000, 0x00000000eab00000)
  object space 138240K, 99% used [0x00000000c0000000,0x00000000c85cce18,0x00000000c8700000)
 Metaspace       used 60044K, committed 61312K, reserved 1114112K
  class space    used 6092K, committed 6656K, reserved 1048576K
GC Heap History (20 events):
Event: 33.274 GC heap before
{Heap before GC invocations=114 (full 3):
 PSYoungGen      total 5120K, used 4890K [0x00000000eab00000, 0x00000000eb180000, 0x0000000100000000)
  eden space 4096K, 100% used [0x00000000eab00000,0x00000000eaf00000,0x00000000eaf00000)
  from space 1024K, 77% used [0x00000000eb080000,0x00000000eb146b58,0x00000000eb180000)
  to   space 1024K, 0% used [0x00000000eaf00000,0x00000000eaf00000,0x00000000eb000000)
 ParOldGen       total 138240K, used 129929K [0x00000000c0000000, 0x00000000c8700000, 0x00000000eab00000)
  object space 138240K, 93% used [0x00000000c0000000,0x00000000c7ee2450,0x00000000c8700000)
 Metaspace       used 59348K, committed 60544K, reserved 1114112K
  class space    used 5981K, committed 6528K, reserved 1048576K
}
Event: 33.277 GC heap after
{Heap after GC invocations=114 (full 3):
 PSYoungGen      total 5120K, used 785K [0x00000000eab00000, 0x00000000eb100000, 0x0000000100000000)
  eden space 4096K, 0% used [0x00000000eab00000,0x00000000eab00000,0x00000000eaf00000)
  from space 1024K, 76% used [0x00000000eaf00000,0x00000000eafc4530,0x00000000eb000000)
  to   space 1024K, 0% used [0x00000000eb000000,0x00000000eb000000,0x00000000eb100000)
 ParOldGen       total 138240K, used 130647K [0x00000000c0000000, 0x00000000c8700000, 0x00000000eab00000)
  object space 138240K, 94% used [0x00000000c0000000,0x00000000c7f95cf8,0x00000000c8700000)
 Metaspace       used 59348K, committed 60544K, reserved 1114112K
  class space    used 5981K, committed 6528K, reserved 1048576K
}
Event: 33.304 GC heap before
{Heap before GC invocations=115 (full 3):
 PSYoungGen      total 5120K, used 4881K [0x00000000eab00000, 0x00000000eb100000, 0x0000000100000000)
  eden space 4096K, 100% used [0x00000000eab00000,0x00000000eaf00000,0x00000000eaf00000)
  from space 1024K, 76% used [0x00000000eaf00000,0x00000000eafc4530,0x00000000eb000000)
  to   space 1024K, 0% used [0x00000000eb000000,0x00000000eb000000,0x00000000eb100000)
 ParOldGen       total 138240K, used 130647K [0x00000000c0000000, 0x00000000c8700000, 0x00000000eab00000)
  object space 138240K, 94% used [0x00000000c0000000,0x00000000c7f95cf8,0x00000000c8700000)
 Metaspace       used 59348K, committed 60544K, reserved 1114112K
  class space    used 5981K, committed 6528K, reserved 1048576K
}
Event: 33.306 GC heap after
{Heap after GC invocations=115 (full 3):
 PSYoungGen      total 5120K, used 920K [0x00000000eab00000, 0x00000000eb100000, 0x0000000100000000)
  eden space 4096K, 0% used [0x00000000eab00000,0x00000000eab00000,0x00000000eaf00000)
  from space 1024K, 89% used [0x00000000eb000000,0x00000000eb0e6010,0x00000000eb100000)
  to   space 1024K, 0% used [0x00000000eaf00000,0x00000000eaf00000,0x00000000eb000000)
 ParOldGen       total 138240K, used 131308K [0x00000000c0000000, 0x00000000c8700000, 0x00000000eab00000)
  object space 138240K, 94% used [0x00000000c0000000,0x00000000c803b3b8,0x00000000c8700000)
 Metaspace       used 59348K, committed 60544K, reserved 1114112K
  class space    used 5981K, committed 6528K, reserved 1048576K
}
Event: 33.333 GC heap before
{Heap before GC invocations=116 (full 3):
 PSYoungGen      total 5120K, used 5016K [0x00000000eab00000, 0x00000000eb100000, 0x0000000100000000)
  eden space 4096K, 100% used [0x00000000eab00000,0x00000000eaf00000,0x00000000eaf00000)
  from space 1024K, 89% used [0x00000000eb000000,0x00000000eb0e6010,0x00000000eb100000)
  to   space 1024K, 0% used [0x00000000eaf00000,0x00000000eaf00000,0x00000000eb000000)
 ParOldGen       total 138240K, used 131308K [0x00000000c0000000, 0x00000000c8700000, 0x00000000eab00000)
  object space 138240K, 94% used [0x00000000c0000000,0x00000000c803b3b8,0x00000000c8700000)
 Metaspace       used 59348K, committed 60544K, reserved 1114112K
  class space    used 5981K, committed 6528K, reserved 1048576K
}
Event: 33.335 GC heap after
{Heap after GC invocations=116 (full 3):
 PSYoungGen      total 5120K, used 832K [0x00000000eab00000, 0x00000000eb100000, 0x0000000100000000)
  eden space 4096K, 0% used [0x00000000eab00000,0x00000000eab00000,0x00000000eaf00000)
  from space 1024K, 81% used [0x00000000eaf00000,0x00000000eafd0000,0x00000000eb000000)
  to   space 1024K, 0% used [0x00000000eb000000,0x00000000eb000000,0x00000000eb100000)
 ParOldGen       total 138240K, used 132125K [0x00000000c0000000, 0x00000000c8700000, 0x00000000eab00000)
  object space 138240K, 95% used [0x00000000c0000000,0x00000000c8107428,0x00000000c8700000)
 Metaspace       used 59348K, committed 60544K, reserved 1114112K
  class space    used 5981K, committed 6528K, reserved 1048576K
}
Event: 33.378 GC heap before
{Heap before GC invocations=117 (full 3):
 PSYoungGen      total 5120K, used 4928K [0x00000000eab00000, 0x00000000eb100000, 0x0000000100000000)
  eden space 4096K, 100% used [0x00000000eab00000,0x00000000eaf00000,0x00000000eaf00000)
  from space 1024K, 81% used [0x00000000eaf00000,0x00000000eafd0000,0x00000000eb000000)
  to   space 1024K, 0% used [0x00000000eb000000,0x00000000eb000000,0x00000000eb100000)
 ParOldGen       total 138240K, used 132125K [0x00000000c0000000, 0x00000000c8700000, 0x00000000eab00000)
  object space 138240K, 95% used [0x00000000c0000000,0x00000000c8107428,0x00000000c8700000)
 Metaspace       used 59348K, committed 60544K, reserved 1114112K
  class space    used 5981K, committed 6528K, reserved 1048576K
}
Event: 33.380 GC heap after
{Heap after GC invocations=117 (full 3):
 PSYoungGen      total 5120K, used 722K [0x00000000eab00000, 0x00000000eb100000, 0x0000000100000000)
  eden space 4096K, 0% used [0x00000000eab00000,0x00000000eab00000,0x00000000eaf00000)
  from space 1024K, 70% used [0x00000000eb000000,0x00000000eb0b48e8,0x00000000eb100000)
  to   space 1024K, 0% used [0x00000000eaf00000,0x00000000eaf00000,0x00000000eb000000)
 ParOldGen       total 138240K, used 132798K [0x00000000c0000000, 0x00000000c8700000, 0x00000000eab00000)
  object space 138240K, 96% used [0x00000000c0000000,0x00000000c81afb18,0x00000000c8700000)
 Metaspace       used 59348K, committed 60544K, reserved 1114112K
  class space    used 5981K, committed 6528K, reserved 1048576K
}
Event: 33.417 GC heap before
{Heap before GC invocations=118 (full 3):
 PSYoungGen      total 5120K, used 4818K [0x00000000eab00000, 0x00000000eb100000, 0x0000000100000000)
  eden space 4096K, 100% used [0x00000000eab00000,0x00000000eaf00000,0x00000000eaf00000)
  from space 1024K, 70% used [0x00000000eb000000,0x00000000eb0b48e8,0x00000000eb100000)
  to   space 1024K, 0% used [0x00000000eaf00000,0x00000000eaf00000,0x00000000eb000000)
 ParOldGen       total 138240K, used 132798K [0x00000000c0000000, 0x00000000c8700000, 0x00000000eab00000)
  object space 138240K, 96% used [0x00000000c0000000,0x00000000c81afb18,0x00000000c8700000)
 Metaspace       used 59348K, committed 60544K, reserved 1114112K
  class space    used 5981K, committed 6528K, reserved 1048576K
}
Event: 33.419 GC heap after
{Heap after GC invocations=118 (full 3):
 PSYoungGen      total 5120K, used 708K [0x00000000eab00000, 0x00000000eb100000, 0x0000000100000000)
  eden space 4096K, 0% used [0x00000000eab00000,0x00000000eab00000,0x00000000eaf00000)
  from space 1024K, 69% used [0x00000000eaf00000,0x00000000eafb11d0,0x00000000eb000000)
  to   space 1024K, 0% used [0x00000000eb000000,0x00000000eb000000,0x00000000eb100000)
 ParOldGen       total 138240K, used 133363K [0x00000000c0000000, 0x00000000c8700000, 0x00000000eab00000)
  object space 138240K, 96% used [0x00000000c0000000,0x00000000c823cd18,0x00000000c8700000)
 Metaspace       used 59348K, committed 60544K, reserved 1114112K
  class space    used 5981K, committed 6528K, reserved 1048576K
}
Event: 33.445 GC heap before
{Heap before GC invocations=119 (full 3):
 PSYoungGen      total 5120K, used 4804K [0x00000000eab00000, 0x00000000eb100000, 0x0000000100000000)
  eden space 4096K, 100% used [0x00000000eab00000,0x00000000eaf00000,0x00000000eaf00000)
  from space 1024K, 69% used [0x00000000eaf00000,0x00000000eafb11d0,0x00000000eb000000)
  to   space 1024K, 0% used [0x00000000eb000000,0x00000000eb000000,0x00000000eb100000)
 ParOldGen       total 138240K, used 133363K [0x00000000c0000000, 0x00000000c8700000, 0x00000000eab00000)
  object space 138240K, 96% used [0x00000000c0000000,0x00000000c823cd18,0x00000000c8700000)
 Metaspace       used 59348K, committed 60544K, reserved 1114112K
  class space    used 5981K, committed 6528K, reserved 1048576K
}
Event: 33.447 GC heap after
{Heap after GC invocations=119 (full 3):
 PSYoungGen      total 5120K, used 789K [0x00000000eab00000, 0x00000000eb100000, 0x0000000100000000)
  eden space 4096K, 0% used [0x00000000eab00000,0x00000000eab00000,0x00000000eaf00000)
  from space 1024K, 77% used [0x00000000eb000000,0x00000000eb0c56a8,0x00000000eb100000)
  to   space 1024K, 0% used [0x00000000eaf00000,0x00000000eaf00000,0x00000000eb000000)
 ParOldGen       total 138240K, used 133985K [0x00000000c0000000, 0x00000000c8700000, 0x00000000eab00000)
  object space 138240K, 96% used [0x00000000c0000000,0x00000000c82d8648,0x00000000c8700000)
 Metaspace       used 59348K, committed 60544K, reserved 1114112K
  class space    used 5981K, committed 6528K, reserved 1048576K
}
Event: 33.466 GC heap before
{Heap before GC invocations=120 (full 3):
 PSYoungGen      total 5120K, used 4885K [0x00000000eab00000, 0x00000000eb100000, 0x0000000100000000)
  eden space 4096K, 100% used [0x00000000eab00000,0x00000000eaf00000,0x00000000eaf00000)
  from space 1024K, 77% used [0x00000000eb000000,0x00000000eb0c56a8,0x00000000eb100000)
  to   space 1024K, 0% used [0x00000000eaf00000,0x00000000eaf00000,0x00000000eb000000)
 ParOldGen       total 138240K, used 133985K [0x00000000c0000000, 0x00000000c8700000, 0x00000000eab00000)
  object space 138240K, 96% used [0x00000000c0000000,0x00000000c82d8648,0x00000000c8700000)
 Metaspace       used 59348K, committed 60544K, reserved 1114112K
  class space    used 5981K, committed 6528K, reserved 1048576K
}
Event: 33.468 GC heap after
{Heap after GC invocations=120 (full 3):
 PSYoungGen      total 5120K, used 870K [0x00000000eab00000, 0x00000000eb100000, 0x0000000100000000)
  eden space 4096K, 0% used [0x00000000eab00000,0x00000000eab00000,0x00000000eaf00000)
  from space 1024K, 85% used [0x00000000eaf00000,0x00000000eafd9ac8,0x00000000eb000000)
  to   space 1024K, 0% used [0x00000000eb000000,0x00000000eb000000,0x00000000eb100000)
 ParOldGen       total 138240K, used 134637K [0x00000000c0000000, 0x00000000c8700000, 0x00000000eab00000)
  object space 138240K, 97% used [0x00000000c0000000,0x00000000c837b698,0x00000000c8700000)
 Metaspace       used 59348K, committed 60544K, reserved 1114112K
  class space    used 5981K, committed 6528K, reserved 1048576K
}
Event: 33.580 GC heap before
{Heap before GC invocations=121 (full 3):
 PSYoungGen      total 5120K, used 4966K [0x00000000eab00000, 0x00000000eb100000, 0x0000000100000000)
  eden space 4096K, 100% used [0x00000000eab00000,0x00000000eaf00000,0x00000000eaf00000)
  from space 1024K, 85% used [0x00000000eaf00000,0x00000000eafd9ac8,0x00000000eb000000)
  to   space 1024K, 0% used [0x00000000eb000000,0x00000000eb000000,0x00000000eb100000)
 ParOldGen       total 138240K, used 134637K [0x00000000c0000000, 0x00000000c8700000, 0x00000000eab00000)
  object space 138240K, 97% used [0x00000000c0000000,0x00000000c837b698,0x00000000c8700000)
 Metaspace       used 59402K, committed 60608K, reserved 1114112K
  class space    used 5986K, committed 6528K, reserved 1048576K
}
Event: 33.582 GC heap after
{Heap after GC invocations=121 (full 3):
 PSYoungGen      total 5120K, used 433K [0x00000000eab00000, 0x00000000eb100000, 0x0000000100000000)
  eden space 4096K, 0% used [0x00000000eab00000,0x00000000eab00000,0x00000000eaf00000)
  from space 1024K, 42% used [0x00000000eb000000,0x00000000eb06c4e8,0x00000000eb100000)
  to   space 1024K, 0% used [0x00000000eaf00000,0x00000000eaf00000,0x00000000eb000000)
 ParOldGen       total 138240K, used 135378K [0x00000000c0000000, 0x00000000c8700000, 0x00000000eab00000)
  object space 138240K, 97% used [0x00000000c0000000,0x00000000c84349c0,0x00000000c8700000)
 Metaspace       used 59402K, committed 60608K, reserved 1114112K
  class space    used 5986K, committed 6528K, reserved 1048576K
}
Event: 33.605 GC heap before
{Heap before GC invocations=122 (full 3):
 PSYoungGen      total 5120K, used 4529K [0x00000000eab00000, 0x00000000eb100000, 0x0000000100000000)
  eden space 4096K, 100% used [0x00000000eab00000,0x00000000eaf00000,0x00000000eaf00000)
  from space 1024K, 42% used [0x00000000eb000000,0x00000000eb06c4e8,0x00000000eb100000)
  to   space 1024K, 0% used [0x00000000eaf00000,0x00000000eaf00000,0x00000000eb000000)
 ParOldGen       total 138240K, used 135378K [0x00000000c0000000, 0x00000000c8700000, 0x00000000eab00000)
  object space 138240K, 97% used [0x00000000c0000000,0x00000000c84349c0,0x00000000c8700000)
 Metaspace       used 59496K, committed 60672K, reserved 1114112K
  class space    used 6002K, committed 6528K, reserved 1048576K
}
Event: 33.608 GC heap after
{Heap after GC invocations=122 (full 3):
 PSYoungGen      total 5120K, used 928K [0x00000000eab00000, 0x00000000eb100000, 0x0000000100000000)
  eden space 4096K, 0% used [0x00000000eab00000,0x00000000eab00000,0x00000000eaf00000)
  from space 1024K, 90% used [0x00000000eaf00000,0x00000000eafe8000,0x00000000eb000000)
  to   space 1024K, 0% used [0x00000000eb000000,0x00000000eb000000,0x00000000eb100000)
 ParOldGen       total 138240K, used 135708K [0x00000000c0000000, 0x00000000c8700000, 0x00000000eab00000)
  object space 138240K, 98% used [0x00000000c0000000,0x00000000c84871a0,0x00000000c8700000)
 Metaspace       used 59496K, committed 60672K, reserved 1114112K
  class space    used 6002K, committed 6528K, reserved 1048576K
}
Event: 33.675 GC heap before
{Heap before GC invocations=123 (full 3):
 PSYoungGen      total 5120K, used 5019K [0x00000000eab00000, 0x00000000eb100000, 0x0000000100000000)
  eden space 4096K, 99% used [0x00000000eab00000,0x00000000eaefef38,0x00000000eaf00000)
  from space 1024K, 90% used [0x00000000eaf00000,0x00000000eafe8000,0x00000000eb000000)
  to   space 1024K, 0% used [0x00000000eb000000,0x00000000eb000000,0x00000000eb100000)
 ParOldGen       total 138240K, used 135708K [0x00000000c0000000, 0x00000000c8700000, 0x00000000eab00000)
  object space 138240K, 98% used [0x00000000c0000000,0x00000000c84871a0,0x00000000c8700000)
 Metaspace       used 59719K, committed 60992K, reserved 1114112K
  class space    used 6045K, committed 6592K, reserved 1048576K
}
Event: 33.686 GC heap after
{Heap after GC invocations=123 (full 3):
 PSYoungGen      total 5120K, used 693K [0x00000000eab00000, 0x00000000eb100000, 0x0000000100000000)
  eden space 4096K, 0% used [0x00000000eab00000,0x00000000eab00000,0x00000000eaf00000)
  from space 1024K, 67% used [0x00000000eb000000,0x00000000eb0ad640,0x00000000eb100000)
  to   space 1024K, 0% used [0x00000000eaf00000,0x00000000eaf00000,0x00000000eb000000)
 ParOldGen       total 138240K, used 136477K [0x00000000c0000000, 0x00000000c8700000, 0x00000000eab00000)
  object space 138240K, 98% used [0x00000000c0000000,0x00000000c85477d8,0x00000000c8700000)
 Metaspace       used 59719K, committed 60992K, reserved 1114112K
  class space    used 6045K, committed 6592K, reserved 1048576K
}

